info it worked if it ends with ok
verbose cli [ 'node',
verbose cli   '/Users/andersfisher/local/node/bin/npm',
verbose cli   'install',
verbose cli   'socket.io_client' ]
info using npm@1.0.25
info using node@v0.5.5-pre
verbose config file /Users/andersfisher/.npmrc
verbose config file /Users/andersfisher/local/node/etc/npmrc
silly testEngine { name: 'Express-test',
silly testEngine   version: '0.0.1',
silly testEngine   dependencies: 
silly testEngine    { express: '2.5.0',
silly testEngine      jade: '>= 0.0.1',
silly testEngine      'socket.io': '>= 0.0.1' },
silly testEngine   _npmJsonOpts: 
silly testEngine    { file: '/Users/andersfisher/node_projects/Horde/package.json',
silly testEngine      wscript: false,
silly testEngine      contributors: false,
silly testEngine      serverjs: false },
silly testEngine   _id: 'Express-test@0.0.1',
silly testEngine   devDependencies: {},
silly testEngine   engines: { node: '*' },
silly testEngine   _engineSupported: true,
silly testEngine   _npmVersion: '1.0.25',
silly testEngine   _nodeVersion: 'v0.5.5-pre',
silly testEngine   _defaultsLoaded: true }
verbose caching /Users/andersfisher/node_projects/Horde/package.json
verbose loadDefaults Express-test@0.0.1
silly testEngine { name: 'express',
silly testEngine   description: 'Sinatra inspired web development framework',
silly testEngine   version: '2.5.0',
silly testEngine   author: 
silly testEngine    { name: 'TJ Holowaychuk',
silly testEngine      email: 'tj@vision-media.ca' },
silly testEngine   contributors: 
silly testEngine    [ { name: 'TJ Holowaychuk',
silly testEngine        email: 'tj@vision-media.ca' },
silly testEngine      { name: 'Aaron Heckmann',
silly testEngine        email: 'aaron.heckmann+github@gmail.com' },
silly testEngine      { name: 'Ciaran Jessup', email: 'ciaranj@gmail.com' },
silly testEngine      { name: 'Guillermo Rauch', email: 'rauchg@gmail.com' } ],
silly testEngine   dependencies: 
silly testEngine    { connect: '1.7.x',
silly testEngine      mime: '>= 0.0.1',
silly testEngine      qs: '>= 0.3.1',
silly testEngine      mkdirp: '0.0.7' },
silly testEngine   devDependencies: 
silly testEngine    { 'connect-form': '0.2.1',
silly testEngine      ejs: '0.4.2',
silly testEngine      expresso: '0.9.2',
silly testEngine      hamljs: '0.5.1',
silly testEngine      jade: '0.16.2',
silly testEngine      stylus: '0.13.0',
silly testEngine      should: '0.3.2',
silly testEngine      'express-messages': '0.0.2',
silly testEngine      'node-markdown': '>= 0.0.1',
silly testEngine      'connect-redis': '>= 0.0.1' },
silly testEngine   keywords: [ 'framework', 'sinatra', 'web', 'rest', 'restful' ],
silly testEngine   repository: 
silly testEngine    { type: 'git',
silly testEngine      url: 'git://github.com/visionmedia/express.git' },
silly testEngine   main: 'index',
silly testEngine   bin: { express: './bin/express' },
silly testEngine   scripts: { test: 'make test', prepublish: 'npm prune' },
silly testEngine   engines: { node: '>= 0.4.1 < 0.7.0' },
silly testEngine   _npmJsonOpts: 
silly testEngine    { file: '/Users/andersfisher/node_projects/Horde/node_modules/express/package.json',
silly testEngine      wscript: false,
silly testEngine      contributors: false,
silly testEngine      serverjs: false },
silly testEngine   _id: 'express@2.5.0',
silly testEngine   _engineSupported: true,
silly testEngine   _npmVersion: '1.0.25',
silly testEngine   _nodeVersion: 'v0.5.5-pre',
silly testEngine   _defaultsLoaded: true }
verbose caching /Users/andersfisher/node_projects/Horde/node_modules/express/package.json
verbose loadDefaults express@2.5.0
silly testEngine { name: 'jade',
silly testEngine   description: 'Jade template engine',
silly testEngine   version: '0.17.0',
silly testEngine   author: 
silly testEngine    { name: 'TJ Holowaychuk',
silly testEngine      email: 'tj@vision-media.ca' },
silly testEngine   repository: 
silly testEngine    { type: 'git',
silly testEngine      url: 'git://github.com/visionmedia/jade.git' },
silly testEngine   main: './index.js',
silly testEngine   bin: { jade: './bin/jade' },
silly testEngine   dependencies: { commander: '0.2.x', mkdirp: '>= 0.0.7' },
silly testEngine   devDependencies: 
silly testEngine    { expresso: '0.9.2',
silly testEngine      'coffee-script': '>= 0.0.1',
silly testEngine      sass: '>= 0.0.1',
silly testEngine      less: '>= 0.0.1',
silly testEngine      markdown: '>= 0.0.1',
silly testEngine      stylus: '>= 0.0.1',
silly testEngine      uubench: '0.0.1',
silly testEngine      'uglify-js': '>= 1.0.7' },
silly testEngine   scripts: { prepublish: 'npm prune' },
silly testEngine   engines: { node: '>= 0.1.98' },
silly testEngine   _npmJsonOpts: 
silly testEngine    { file: '/Users/andersfisher/node_projects/Horde/node_modules/jade/package.json',
silly testEngine      wscript: false,
silly testEngine      contributors: false,
silly testEngine      serverjs: false },
silly testEngine   _id: 'jade@0.17.0',
silly testEngine   _engineSupported: true,
silly testEngine   _npmVersion: '1.0.25',
silly testEngine   _nodeVersion: 'v0.5.5-pre',
silly testEngine   _defaultsLoaded: true }
verbose caching /Users/andersfisher/node_projects/Horde/node_modules/jade/package.json
verbose loadDefaults jade@0.17.0
silly testEngine { name: 'socket.io',
silly testEngine   version: '0.8.7',
silly testEngine   description: 'Real-time apps made cross-browser & easy with a WebSocket-like API',
silly testEngine   homepage: 'http://socket.io',
silly testEngine   keywords: 
silly testEngine    [ 'websocket',
silly testEngine      'socket',
silly testEngine      'realtime',
silly testEngine      'socket.io',
silly testEngine      'comet',
silly testEngine      'ajax' ],
silly testEngine   author: 
silly testEngine    { name: 'Guillermo Rauch',
silly testEngine      email: 'guillermo@learnboost.com' },
silly testEngine   contributors: 
silly testEngine    [ { name: 'Guillermo Rauch', email: 'rauchg@gmail.com' },
silly testEngine      { name: 'Arnout Kazemier',
silly testEngine        email: 'info@3rd-eden.com' },
silly testEngine      { name: 'Vladimir Dronnikov',
silly testEngine        email: 'dronnikov@gmail.com' },
silly testEngine      { name: 'Einar Otto Stangvik',
silly testEngine        email: 'einaros@gmail.com' } ],
silly testEngine   repository: 
silly testEngine    { type: 'git',
silly testEngine      url: 'git://github.com/LearnBoost/socket.io.git' },
silly testEngine   dependencies: 
silly testEngine    { 'socket.io-client': '0.8.7',
silly testEngine      policyfile: '0.0.4',
silly testEngine      redis: '0.6.7' },
silly testEngine   devDependencies: 
silly testEngine    { expresso: '0.9.2',
silly testEngine      should: '0.0.4',
silly testEngine      assertvanish: '0.0.3-1',
silly testEngine      benchmark: '0.2.2',
silly testEngine      microtime: '0.1.3-1',
silly testEngine      colors: '0.5.1' },
silly testEngine   main: 'index',
silly testEngine   engines: { node: '>= 0.4.0' },
silly testEngine   _npmJsonOpts: 
silly testEngine    { file: '/Users/andersfisher/node_projects/Horde/node_modules/socket.io/package.json',
silly testEngine      wscript: false,
silly testEngine      contributors: false,
silly testEngine      serverjs: false },
silly testEngine   _id: 'socket.io@0.8.7',
silly testEngine   _engineSupported: true,
silly testEngine   _npmVersion: '1.0.25',
silly testEngine   _nodeVersion: 'v0.5.5-pre',
silly testEngine   _defaultsLoaded: true }
verbose caching /Users/andersfisher/node_projects/Horde/node_modules/socket.io/package.json
verbose loadDefaults socket.io@0.8.7
verbose from cache /Users/andersfisher/node_projects/Horde/package.json
verbose into /Users/andersfisher/node_projects/Horde [ 'socket.io_client' ]
verbose cache add socket.io_client
verbose cache add [ 'socket.io_client', null ]
verbose parsed url { pathname: 'socket.io_client',
verbose parsed url   href: 'socket.io_client' }
info addNamed [ 'socket.io_client', '' ]
verbose addNamed [ null, '' ]
verbose GET socket.io_client
verbose raw, before any munging socket.io_client
verbose url resolving [ 'https://registry.npmjs.org/',
verbose url resolving   './socket.io_client' ]
verbose url resolved https://registry.npmjs.org/socket.io_client
verbose url parsed { protocol: 'https:',
verbose url parsed   slashes: true,
verbose url parsed   host: 'registry.npmjs.org',
verbose url parsed   hostname: 'registry.npmjs.org',
verbose url parsed   href: 'https://registry.npmjs.org/socket.io_client',
verbose url parsed   pathname: '/socket.io_client' }
verbose response https://registry.npmjs.org/socket.io_client
silly chunk {"error":"not_found","reason":"document not found"}
silly chunk 
silly get cb [ 404,
silly get cb   { server: 'CouchDB/1.1.0 (Erlang OTP/R14B04)',
silly get cb     date: 'Wed, 30 Nov 2011 13:09:11 GMT',
silly get cb     'content-type': 'application/json',
silly get cb     'content-length': '52',
silly get cb     'cache-control': 'must-revalidate' } ]
ERR! 404 'socket.io_client' is not in the npm registry.
ERR! 404 You should bug the author to publish it.
ERR! 404 Note that you can also install from a tarball or folder.
ERR! 
ERR! System Darwin 10.8.0
ERR! command "node" "/Users/andersfisher/local/node/bin/npm" "install" "socket.io_client"
ERR! cwd /Users/andersfisher/node_projects/Horde
ERR! node -v v0.5.5-pre
ERR! npm -v 1.0.25
verbose exit [ 1, true ]
